  main.cpp
<<<<<<< HEAD
D:\SchoolAndProjects\Programs\ETGG 4804_01 Optimization Techniques\lab 8\Tesselation\Tesselation\tess2\Image.h(45,29): warning C4244: 'argument': conversion from 'std::streamoff' to 'const unsigned int', possible loss of data
D:\SchoolAndProjects\Programs\ETGG 4804_01 Optimization Techniques\lab 8\Tesselation\Tesselation\tess2\Triangle.h(23,31): warning C4244: '=': conversion from 'double' to 'float', possible loss of data
D:\SchoolAndProjects\Programs\ETGG 4804_01 Optimization Techniques\lab 8\Tesselation\Tesselation\tess2\Mesh.h(46,1): warning C4056: overflow in floating-point constant arithmetic
D:\SchoolAndProjects\Programs\ETGG 4804_01 Optimization Techniques\lab 8\Tesselation\Tesselation\tess2\Mesh.h(47,1): warning C4056: overflow in floating-point constant arithmetic
D:\SchoolAndProjects\Programs\ETGG 4804_01 Optimization Techniques\lab 8\Tesselation\Tesselation\tess2\update.h(27,53): warning C4244: '+=': conversion from 'double' to 'float', possible loss of data
D:\SchoolAndProjects\Programs\ETGG 4804_01 Optimization Techniques\lab 8\Tesselation\Tesselation\tess2\main.cpp(31,47): warning C4244: 'argument': conversion from 'int' to 'T', possible loss of data
D:\SchoolAndProjects\Programs\ETGG 4804_01 Optimization Techniques\lab 8\Tesselation\Tesselation\tess2\main.cpp(31,47): warning C4244:         with
D:\SchoolAndProjects\Programs\ETGG 4804_01 Optimization Techniques\lab 8\Tesselation\Tesselation\tess2\main.cpp(31,47): warning C4244:         [
D:\SchoolAndProjects\Programs\ETGG 4804_01 Optimization Techniques\lab 8\Tesselation\Tesselation\tess2\main.cpp(31,47): warning C4244:             T=float
D:\SchoolAndProjects\Programs\ETGG 4804_01 Optimization Techniques\lab 8\Tesselation\Tesselation\tess2\main.cpp(31,47): warning C4244:         ]
D:\SchoolAndProjects\Programs\ETGG 4804_01 Optimization Techniques\lab 8\Tesselation\Tesselation\tess2\main.cpp(31,44): warning C4244: 'argument': conversion from 'int' to 'T', possible loss of data
D:\SchoolAndProjects\Programs\ETGG 4804_01 Optimization Techniques\lab 8\Tesselation\Tesselation\tess2\main.cpp(31,44): warning C4244:         with
D:\SchoolAndProjects\Programs\ETGG 4804_01 Optimization Techniques\lab 8\Tesselation\Tesselation\tess2\main.cpp(31,44): warning C4244:         [
D:\SchoolAndProjects\Programs\ETGG 4804_01 Optimization Techniques\lab 8\Tesselation\Tesselation\tess2\main.cpp(31,44): warning C4244:             T=float
D:\SchoolAndProjects\Programs\ETGG 4804_01 Optimization Techniques\lab 8\Tesselation\Tesselation\tess2\main.cpp(31,44): warning C4244:         ]
D:\SchoolAndProjects\Programs\ETGG 4804_01 Optimization Techniques\lab 8\Tesselation\Tesselation\tess2\math3d.h(510,1): warning C4244: '=': conversion from 'double' to 'T', possible loss of data
D:\SchoolAndProjects\Programs\ETGG 4804_01 Optimization Techniques\lab 8\Tesselation\Tesselation\tess2\math3d.h(510,1): warning C4244:         with
D:\SchoolAndProjects\Programs\ETGG 4804_01 Optimization Techniques\lab 8\Tesselation\Tesselation\tess2\math3d.h(510,1): warning C4244:         [
D:\SchoolAndProjects\Programs\ETGG 4804_01 Optimization Techniques\lab 8\Tesselation\Tesselation\tess2\math3d.h(510,1): warning C4244:             T=float
D:\SchoolAndProjects\Programs\ETGG 4804_01 Optimization Techniques\lab 8\Tesselation\Tesselation\tess2\math3d.h(510,1): warning C4244:         ]
D:\SchoolAndProjects\Programs\ETGG 4804_01 Optimization Techniques\lab 8\Tesselation\Tesselation\tess2\math3d.h(510): message : while compiling class template member function 'vec3Base<float> vec3Base<float>::operator *(double) const'
D:\SchoolAndProjects\Programs\ETGG 4804_01 Optimization Techniques\lab 8\Tesselation\Tesselation\tess2\math3d.h(742): message : see reference to function template instantiation 'vec3Base<float> vec3Base<float>::operator *(double) const' being compiled
D:\SchoolAndProjects\Programs\ETGG 4804_01 Optimization Techniques\lab 8\Tesselation\Tesselation\tess2\math3d.h(790): message : see reference to class template instantiation 'vec3Base<float>' being compiled
  Tesselation.vcxproj -> D:\SchoolAndProjects\Programs\ETGG 4804_01 Optimization Techniques\lab 8\Tesselation\Debug\Tesselation.exe
=======
D:\School\Programs\ETGG 4804 Optimization Techniques\lab 8\Tesselation\Tesselation\tess2\Image.h(45,29): warning C4244: 'argument': conversion from 'std::streamoff' to 'const unsigned int', possible loss of data
D:\School\Programs\ETGG 4804 Optimization Techniques\lab 8\Tesselation\Tesselation\tess2\Triangle.h(23,31): warning C4244: '=': conversion from 'double' to 'float', possible loss of data
D:\School\Programs\ETGG 4804 Optimization Techniques\lab 8\Tesselation\Tesselation\tess2\Mesh.h(46,1): warning C4056: overflow in floating-point constant arithmetic
D:\School\Programs\ETGG 4804 Optimization Techniques\lab 8\Tesselation\Tesselation\tess2\Mesh.h(47,1): warning C4056: overflow in floating-point constant arithmetic
D:\School\Programs\ETGG 4804 Optimization Techniques\lab 8\Tesselation\Tesselation\tess2\update.h(27,53): warning C4244: '+=': conversion from 'double' to 'float', possible loss of data
D:\School\Programs\ETGG 4804 Optimization Techniques\lab 8\Tesselation\Tesselation\tess2\main.cpp(31,47): warning C4244: 'argument': conversion from 'int' to 'T', possible loss of data
D:\School\Programs\ETGG 4804 Optimization Techniques\lab 8\Tesselation\Tesselation\tess2\main.cpp(31,47): warning C4244:         with
D:\School\Programs\ETGG 4804 Optimization Techniques\lab 8\Tesselation\Tesselation\tess2\main.cpp(31,47): warning C4244:         [
D:\School\Programs\ETGG 4804 Optimization Techniques\lab 8\Tesselation\Tesselation\tess2\main.cpp(31,47): warning C4244:             T=float
D:\School\Programs\ETGG 4804 Optimization Techniques\lab 8\Tesselation\Tesselation\tess2\main.cpp(31,47): warning C4244:         ]
D:\School\Programs\ETGG 4804 Optimization Techniques\lab 8\Tesselation\Tesselation\tess2\main.cpp(31,44): warning C4244: 'argument': conversion from 'int' to 'T', possible loss of data
D:\School\Programs\ETGG 4804 Optimization Techniques\lab 8\Tesselation\Tesselation\tess2\main.cpp(31,44): warning C4244:         with
D:\School\Programs\ETGG 4804 Optimization Techniques\lab 8\Tesselation\Tesselation\tess2\main.cpp(31,44): warning C4244:         [
D:\School\Programs\ETGG 4804 Optimization Techniques\lab 8\Tesselation\Tesselation\tess2\main.cpp(31,44): warning C4244:             T=float
D:\School\Programs\ETGG 4804 Optimization Techniques\lab 8\Tesselation\Tesselation\tess2\main.cpp(31,44): warning C4244:         ]
D:\School\Programs\ETGG 4804 Optimization Techniques\lab 8\Tesselation\Tesselation\tess2\math3d.h(510,1): warning C4244: '=': conversion from 'double' to 'T', possible loss of data
D:\School\Programs\ETGG 4804 Optimization Techniques\lab 8\Tesselation\Tesselation\tess2\math3d.h(510,1): warning C4244:         with
D:\School\Programs\ETGG 4804 Optimization Techniques\lab 8\Tesselation\Tesselation\tess2\math3d.h(510,1): warning C4244:         [
D:\School\Programs\ETGG 4804 Optimization Techniques\lab 8\Tesselation\Tesselation\tess2\math3d.h(510,1): warning C4244:             T=float
D:\School\Programs\ETGG 4804 Optimization Techniques\lab 8\Tesselation\Tesselation\tess2\math3d.h(510,1): warning C4244:         ]
D:\School\Programs\ETGG 4804 Optimization Techniques\lab 8\Tesselation\Tesselation\tess2\math3d.h(510): message : while compiling class template member function 'vec3Base<float> vec3Base<float>::operator *(double) const'
D:\School\Programs\ETGG 4804 Optimization Techniques\lab 8\Tesselation\Tesselation\tess2\math3d.h(742): message : see reference to function template instantiation 'vec3Base<float> vec3Base<float>::operator *(double) const' being compiled
D:\School\Programs\ETGG 4804 Optimization Techniques\lab 8\Tesselation\Tesselation\tess2\math3d.h(790): message : see reference to class template instantiation 'vec3Base<float>' being compiled
  Tesselation.vcxproj -> D:\School\Programs\ETGG 4804 Optimization Techniques\lab 8\Tesselation\Debug\Tesselation.exe
>>>>>>> 6a08d2e101f423436b3a7b1afddbfbce69fc8d6b
