  main.cpp
D:\SchoolAndProjects\Programs\ETGG 4804_01 Optimization Techniques\Raytracer Skeleton\Raytracer Skeleton\math3d.h(1180,26): warning C4018:  '<': signed/unsigned mismatch
D:\SchoolAndProjects\Programs\ETGG 4804_01 Optimization Techniques\Raytracer Skeleton\Raytracer Skeleton\math3d.h(1193,50): warning C4305:  'argument': truncation from 'double' to 'T'
D:\SchoolAndProjects\Programs\ETGG 4804_01 Optimization Techniques\Raytracer Skeleton\Raytracer Skeleton\math3d.h(1193,50): warning C4305:         with
D:\SchoolAndProjects\Programs\ETGG 4804_01 Optimization Techniques\Raytracer Skeleton\Raytracer Skeleton\math3d.h(1193,50): warning C4305:         [
D:\SchoolAndProjects\Programs\ETGG 4804_01 Optimization Techniques\Raytracer Skeleton\Raytracer Skeleton\math3d.h(1193,50): warning C4305:             T=float
D:\SchoolAndProjects\Programs\ETGG 4804_01 Optimization Techniques\Raytracer Skeleton\Raytracer Skeleton\math3d.h(1193,50): warning C4305:         ]
D:\SchoolAndProjects\Programs\ETGG 4804_01 Optimization Techniques\Raytracer Skeleton\Raytracer Skeleton\math3d.h(1257,22): warning C4018:  '<': signed/unsigned mismatch
D:\SchoolAndProjects\Programs\ETGG 4804_01 Optimization Techniques\Raytracer Skeleton\Raytracer Skeleton\math3d.h(1267,50): warning C4305:  'argument': truncation from 'double' to 'T'
D:\SchoolAndProjects\Programs\ETGG 4804_01 Optimization Techniques\Raytracer Skeleton\Raytracer Skeleton\math3d.h(1267,50): warning C4305:         with
D:\SchoolAndProjects\Programs\ETGG 4804_01 Optimization Techniques\Raytracer Skeleton\Raytracer Skeleton\math3d.h(1267,50): warning C4305:         [
D:\SchoolAndProjects\Programs\ETGG 4804_01 Optimization Techniques\Raytracer Skeleton\Raytracer Skeleton\math3d.h(1267,50): warning C4305:             T=float
D:\SchoolAndProjects\Programs\ETGG 4804_01 Optimization Techniques\Raytracer Skeleton\Raytracer Skeleton\math3d.h(1267,50): warning C4305:         ]
D:\SchoolAndProjects\Programs\ETGG 4804_01 Optimization Techniques\Raytracer Skeleton\Raytracer Skeleton\math3d.h(1322,22): warning C4018:  '<': signed/unsigned mismatch
D:\SchoolAndProjects\Programs\ETGG 4804_01 Optimization Techniques\Raytracer Skeleton\Raytracer Skeleton\math3d.h(1329,40): warning C4305:  'argument': truncation from 'double' to 'T'
D:\SchoolAndProjects\Programs\ETGG 4804_01 Optimization Techniques\Raytracer Skeleton\Raytracer Skeleton\math3d.h(1329,40): warning C4305:         with
D:\SchoolAndProjects\Programs\ETGG 4804_01 Optimization Techniques\Raytracer Skeleton\Raytracer Skeleton\math3d.h(1329,40): warning C4305:         [
D:\SchoolAndProjects\Programs\ETGG 4804_01 Optimization Techniques\Raytracer Skeleton\Raytracer Skeleton\math3d.h(1329,40): warning C4305:             T=float
D:\SchoolAndProjects\Programs\ETGG 4804_01 Optimization Techniques\Raytracer Skeleton\Raytracer Skeleton\math3d.h(1329,40): warning C4305:         ]
D:\SchoolAndProjects\Programs\ETGG 4804_01 Optimization Techniques\Raytracer Skeleton\Raytracer Skeleton\Triangle.h(21,31): warning C4244:  '=': conversion from 'double' to 'float', possible loss of data
D:\SchoolAndProjects\Programs\ETGG 4804_01 Optimization Techniques\Raytracer Skeleton\Raytracer Skeleton\Camera.h(15,1): warning C4305:  '=': truncation from 'double' to 'float'
D:\SchoolAndProjects\Programs\ETGG 4804_01 Optimization Techniques\Raytracer Skeleton\Raytracer Skeleton\Camera.h(18,43): warning C4244:  '=': conversion from 'double' to 'float', possible loss of data
D:\SchoolAndProjects\Programs\ETGG 4804_01 Optimization Techniques\Raytracer Skeleton\Raytracer Skeleton\Image.h(42,29): warning C4244:  'argument': conversion from 'std::streamoff' to 'const unsigned int', possible loss of data
D:\SchoolAndProjects\Programs\ETGG 4804_01 Optimization Techniques\Raytracer Skeleton\Raytracer Skeleton\traceRay.h(102,21): warning C4018:  '<': signed/unsigned mismatch
D:\SchoolAndProjects\Programs\ETGG 4804_01 Optimization Techniques\Raytracer Skeleton\Raytracer Skeleton\traceRay.h(120,26): warning C4056:  overflow in floating-point constant arithmetic
D:\SchoolAndProjects\Programs\ETGG 4804_01 Optimization Techniques\Raytracer Skeleton\Raytracer Skeleton\main.cpp(36,17): warning C4244:  '=': conversion from 'double' to 'float', possible loss of data
D:\SchoolAndProjects\Programs\ETGG 4804_01 Optimization Techniques\Raytracer Skeleton\Raytracer Skeleton\main.cpp(44,13): warning C4244:  'initializing': conversion from 'double' to 'float', possible loss of data
D:\SchoolAndProjects\Programs\ETGG 4804_01 Optimization Techniques\Raytracer Skeleton\Raytracer Skeleton\main.cpp(45,14): warning C4244:  'initializing': conversion from 'double' to 'float', possible loss of data
D:\SchoolAndProjects\Programs\ETGG 4804_01 Optimization Techniques\Raytracer Skeleton\Raytracer Skeleton\main.cpp(46,14): warning C4244:  'initializing': conversion from 'double' to 'float', possible loss of data
D:\SchoolAndProjects\Programs\ETGG 4804_01 Optimization Techniques\Raytracer Skeleton\Raytracer Skeleton\math3d.h(800,1): error C2228:  left of '.len' must have class/struct/union
D:\SchoolAndProjects\Programs\ETGG 4804_01 Optimization Techniques\Raytracer Skeleton\Raytracer Skeleton\math3d.h(800,1): message :  type is 'const T'
D:\SchoolAndProjects\Programs\ETGG 4804_01 Optimization Techniques\Raytracer Skeleton\Raytracer Skeleton\math3d.h(800,1): message :         with
D:\SchoolAndProjects\Programs\ETGG 4804_01 Optimization Techniques\Raytracer Skeleton\Raytracer Skeleton\math3d.h(800,1): message :         [
D:\SchoolAndProjects\Programs\ETGG 4804_01 Optimization Techniques\Raytracer Skeleton\Raytracer Skeleton\math3d.h(800,1): message :             T=float
D:\SchoolAndProjects\Programs\ETGG 4804_01 Optimization Techniques\Raytracer Skeleton\Raytracer Skeleton\math3d.h(800,1): message :         ]
D:\SchoolAndProjects\Programs\ETGG 4804_01 Optimization Techniques\Raytracer Skeleton\Raytracer Skeleton\traceRay.h(105): message :  see reference to function template instantiation 'float dot<float>(const T &,const T &)' being compiled
D:\SchoolAndProjects\Programs\ETGG 4804_01 Optimization Techniques\Raytracer Skeleton\Raytracer Skeleton\traceRay.h(105): message :         with
D:\SchoolAndProjects\Programs\ETGG 4804_01 Optimization Techniques\Raytracer Skeleton\Raytracer Skeleton\traceRay.h(105): message :         [
D:\SchoolAndProjects\Programs\ETGG 4804_01 Optimization Techniques\Raytracer Skeleton\Raytracer Skeleton\traceRay.h(105): message :             T=float
D:\SchoolAndProjects\Programs\ETGG 4804_01 Optimization Techniques\Raytracer Skeleton\Raytracer Skeleton\traceRay.h(105): message :         ]
C:\Program Files (x86)\Microsoft Visual Studio\2019\Community\VC\Tools\MSVC\14.22.27905\include\chrono(591): message :  see reference to class template instantiation 'std::chrono::duration<double,std::ratio<1,1>>' being compiled
C:\Program Files (x86)\Microsoft Visual Studio\2019\Community\VC\Tools\MSVC\14.22.27905\include\chrono(169): message :  see reference to class template instantiation 'std::chrono::duration<__int64,std::nano>' being compiled
C:\Program Files (x86)\Microsoft Visual Studio\2019\Community\VC\Tools\MSVC\14.22.27905\include\chrono(570): message :  see reference to class template instantiation 'std::chrono::time_point<std::chrono::steady_clock,std::chrono::steady_clock::duration>' being compiled
D:\SchoolAndProjects\Programs\ETGG 4804_01 Optimization Techniques\Raytracer Skeleton\Raytracer Skeleton\math3d.h(801,1): error C2109:  subscript requires array or pointer type
