  glfuncs.cpp
  main.cpp
D:\SchoolAndProjects\Programs\ETGG 4804_01 Optimization Techniques\lab 7\ComputeShaders3\ComputeShaders3\framework\Image.h(45,29): warning C4244: 'argument': conversion from 'std::streamoff' to 'const unsigned int', possible loss of data
D:\SchoolAndProjects\Programs\ETGG 4804_01 Optimization Techniques\lab 7\ComputeShaders3\ComputeShaders3\framework\Triangle.h(23,31): warning C4244: '=': conversion from 'double' to 'float', possible loss of data
D:\SchoolAndProjects\Programs\ETGG 4804_01 Optimization Techniques\lab 7\ComputeShaders3\ComputeShaders3\framework\Mesh.h(45,1): warning C4056: overflow in floating-point constant arithmetic
D:\SchoolAndProjects\Programs\ETGG 4804_01 Optimization Techniques\lab 7\ComputeShaders3\ComputeShaders3\framework\Mesh.h(46,1): warning C4056: overflow in floating-point constant arithmetic
D:\SchoolAndProjects\Programs\ETGG 4804_01 Optimization Techniques\lab 7\ComputeShaders3\ComputeShaders3\framework\main.cpp(31,47): warning C4244: 'argument': conversion from 'int' to 'T', possible loss of data
D:\SchoolAndProjects\Programs\ETGG 4804_01 Optimization Techniques\lab 7\ComputeShaders3\ComputeShaders3\framework\main.cpp(31,47): warning C4244:         with
D:\SchoolAndProjects\Programs\ETGG 4804_01 Optimization Techniques\lab 7\ComputeShaders3\ComputeShaders3\framework\main.cpp(31,47): warning C4244:         [
D:\SchoolAndProjects\Programs\ETGG 4804_01 Optimization Techniques\lab 7\ComputeShaders3\ComputeShaders3\framework\main.cpp(31,47): warning C4244:             T=float
D:\SchoolAndProjects\Programs\ETGG 4804_01 Optimization Techniques\lab 7\ComputeShaders3\ComputeShaders3\framework\main.cpp(31,47): warning C4244:         ]
D:\SchoolAndProjects\Programs\ETGG 4804_01 Optimization Techniques\lab 7\ComputeShaders3\ComputeShaders3\framework\main.cpp(31,44): warning C4244: 'argument': conversion from 'int' to 'T', possible loss of data
D:\SchoolAndProjects\Programs\ETGG 4804_01 Optimization Techniques\lab 7\ComputeShaders3\ComputeShaders3\framework\main.cpp(31,44): warning C4244:         with
D:\SchoolAndProjects\Programs\ETGG 4804_01 Optimization Techniques\lab 7\ComputeShaders3\ComputeShaders3\framework\main.cpp(31,44): warning C4244:         [
D:\SchoolAndProjects\Programs\ETGG 4804_01 Optimization Techniques\lab 7\ComputeShaders3\ComputeShaders3\framework\main.cpp(31,44): warning C4244:             T=float
D:\SchoolAndProjects\Programs\ETGG 4804_01 Optimization Techniques\lab 7\ComputeShaders3\ComputeShaders3\framework\main.cpp(31,44): warning C4244:         ]
D:\SchoolAndProjects\Programs\ETGG 4804_01 Optimization Techniques\lab 7\ComputeShaders3\ComputeShaders3\framework\math3d.h(510,1): warning C4244: '=': conversion from 'double' to 'T', possible loss of data
D:\SchoolAndProjects\Programs\ETGG 4804_01 Optimization Techniques\lab 7\ComputeShaders3\ComputeShaders3\framework\math3d.h(510,1): warning C4244:         with
D:\SchoolAndProjects\Programs\ETGG 4804_01 Optimization Techniques\lab 7\ComputeShaders3\ComputeShaders3\framework\math3d.h(510,1): warning C4244:         [
D:\SchoolAndProjects\Programs\ETGG 4804_01 Optimization Techniques\lab 7\ComputeShaders3\ComputeShaders3\framework\math3d.h(510,1): warning C4244:             T=float
D:\SchoolAndProjects\Programs\ETGG 4804_01 Optimization Techniques\lab 7\ComputeShaders3\ComputeShaders3\framework\math3d.h(510,1): warning C4244:         ]
D:\SchoolAndProjects\Programs\ETGG 4804_01 Optimization Techniques\lab 7\ComputeShaders3\ComputeShaders3\framework\math3d.h(510): message : while compiling class template member function 'vec3Base<float> vec3Base<float>::operator *(double) const'
D:\SchoolAndProjects\Programs\ETGG 4804_01 Optimization Techniques\lab 7\ComputeShaders3\ComputeShaders3\framework\math3d.h(742): message : see reference to function template instantiation 'vec3Base<float> vec3Base<float>::operator *(double) const' being compiled
  statics.cpp
D:\SchoolAndProjects\Programs\ETGG 4804_01 Optimization Techniques\lab 7\ComputeShaders3\ComputeShaders3\framework\math3d.h(790): message : see reference to class template instantiation 'vec3Base<float>' being compiled
D:\SchoolAndProjects\Programs\ETGG 4804_01 Optimization Techniques\lab 7\ComputeShaders3\ComputeShaders3\framework\Image.h(45,29): warning C4244: 'argument': conversion from 'std::streamoff' to 'const unsigned int', possible loss of data
D:\SchoolAndProjects\Programs\ETGG 4804_01 Optimization Techniques\lab 7\ComputeShaders3\ComputeShaders3\framework\Triangle.h(23,31): warning C4244: '=': conversion from 'double' to 'float', possible loss of data
D:\SchoolAndProjects\Programs\ETGG 4804_01 Optimization Techniques\lab 7\ComputeShaders3\ComputeShaders3\framework\Mesh.h(45,1): warning C4056: overflow in floating-point constant arithmetic
D:\SchoolAndProjects\Programs\ETGG 4804_01 Optimization Techniques\lab 7\ComputeShaders3\ComputeShaders3\framework\Mesh.h(46,1): warning C4056: overflow in floating-point constant arithmetic
D:\SchoolAndProjects\Programs\ETGG 4804_01 Optimization Techniques\lab 7\ComputeShaders3\ComputeShaders3\framework\math3d.h(510,1): warning C4244: '=': conversion from 'double' to 'T', possible loss of data
D:\SchoolAndProjects\Programs\ETGG 4804_01 Optimization Techniques\lab 7\ComputeShaders3\ComputeShaders3\framework\math3d.h(510,1): warning C4244:         with
D:\SchoolAndProjects\Programs\ETGG 4804_01 Optimization Techniques\lab 7\ComputeShaders3\ComputeShaders3\framework\math3d.h(510,1): warning C4244:         [
D:\SchoolAndProjects\Programs\ETGG 4804_01 Optimization Techniques\lab 7\ComputeShaders3\ComputeShaders3\framework\math3d.h(510,1): warning C4244:             T=float
D:\SchoolAndProjects\Programs\ETGG 4804_01 Optimization Techniques\lab 7\ComputeShaders3\ComputeShaders3\framework\math3d.h(510,1): warning C4244:         ]
D:\SchoolAndProjects\Programs\ETGG 4804_01 Optimization Techniques\lab 7\ComputeShaders3\ComputeShaders3\framework\math3d.h(510): message : while compiling class template member function 'vec3Base<float> vec3Base<float>::operator *(double) const'
D:\SchoolAndProjects\Programs\ETGG 4804_01 Optimization Techniques\lab 7\ComputeShaders3\ComputeShaders3\framework\math3d.h(742): message : see reference to function template instantiation 'vec3Base<float> vec3Base<float>::operator *(double) const' being compiled
  Generating Code...
D:\SchoolAndProjects\Programs\ETGG 4804_01 Optimization Techniques\lab 7\ComputeShaders3\ComputeShaders3\framework\math3d.h(790): message : see reference to class template instantiation 'vec3Base<float>' being compiled
  miniz_tinfl.c
  ComputeShaders3.vcxproj -> D:\SchoolAndProjects\Programs\ETGG 4804_01 Optimization Techniques\lab 7\ComputeShaders3\Debug\ComputeShaders3.exe
